#
# There is insufficient memory for the Java Runtime Environment to continue.
# Native memory allocation (mmap) failed to map 266338304 bytes for G1 virtual space
# Possible reasons:
#   The system is out of physical RAM or swap space
#   The process is running with CompressedOops enabled, and the Java Heap may be blocking the growth of the native heap
# Possible solutions:
#   Reduce memory load on the system
#   Increase physical memory or swap space
#   Check if swap backing store is full
#   Decrease Java heap size (-Xmx/-Xms)
#   Decrease number of Java threads
#   Decrease Java thread stack sizes (-Xss)
#   Set larger code cache with -XX:ReservedCodeCacheSize=
#   JVM is running with Zero Based Compressed Oops mode in which the Java heap is
#     placed in the first 32GB address space. The Java Heap base address is the
#     maximum limit for the native heap growth. Please use -XX:HeapBaseMinAddress
#     to set the Java Heap base and to place the Java Heap above 32GB virtual address.
# This output file may be truncated or incomplete.
#
#  Out of Memory Error (os_windows.cpp:3617), pid=12060, tid=15624
#
# JRE version:  (17.0.8+7) (build )
# Java VM: OpenJDK 64-Bit Server VM (17.0.8+7, mixed mode, sharing, tiered, compressed oops, compressed class ptrs, g1 gc, windows-amd64)
# No core dump will be written. Minidumps are not enabled by default on client versions of Windows
#

---------------  S U M M A R Y ------------

Command Line: -ea -Dfile.encoding=UTF-8 -XX:+ShowCodeDetailsInExceptionMessages org.testng.remote.RemoteTestNG -serport 50460 -protocol json -d D:\eclipse-workspace\Project_Appium\test-output C:\Users\JENIS\AppData\Local\Temp\testng-eclipse-2022690552\testng-customsuite.xml

Host: 11th Gen Intel(R) Core(TM) i5-11320H @ 3.20GHz, 8 cores, 15G,  Windows 11 , 64 bit Build 22000 (10.0.22000.434)
Time: Tue Aug 22 17:37:01 2023 India Standard Time elapsed time: 0.012116 seconds (0d 0h 0m 0s)

---------------  T H R E A D  ---------------

Current thread (0x000001aea9827230):  JavaThread "Unknown thread" [_thread_in_vm, id=15624, stack(0x0000006635d00000,0x0000006635e00000)]

Stack: [0x0000006635d00000,0x0000006635e00000]
Native frames: (J=compiled Java code, j=interpreted, Vv=VM code, C=native code)
V  [jvm.dll+0x678b0a]
V  [jvm.dll+0x835e84]
V  [jvm.dll+0x83762e]
V  [jvm.dll+0x837c93]
V  [jvm.dll+0x24746f]
V  [jvm.dll+0x675859]
V  [jvm.dll+0x66a0ea]
V  [jvm.dll+0x306c7b]
V  [jvm.dll+0x30e166]
V  [jvm.dll+0x35dd3e]
V  [jvm.dll+0x35df6f]
V  [jvm.dll+0x2ddb48]
V  [jvm.dll+0x2deab4]
V  [jvm.dll+0x807f31]
V  [jvm.dll+0x36bb21]
V  [jvm.dll+0x7e733c]
V  [jvm.dll+0x3ee4af]
V  [jvm.dll+0x3f00c1]
C  [jli.dll+0x528b]
C  [ucrtbase.dll+0x26c0c]
C  [KERNEL32.DLL+0x154e0]
C  [ntdll.dll+0x485b]


---------------  P R O C E S S  ---------------

Threads class SMR info:
_java_thread_list=0x00007ff876bea018, length=0, elements={
}

Java Threads: ( => current thread )

Other Threads:
  0x000001aea98915d0 GCTaskThread "GC Thread#0" [stack: 0x0000006635e00000,0x0000006635f00000] [id=1232]
  0x000001aea98a21b0 ConcurrentGCThread "G1 Main Marker" [stack: 0x0000006635f00000,0x0000006636000000] [id=12644]
  0x000001aea98a4b10 ConcurrentGCThread "G1 Conc#0" [stack: 0x0000006636000000,0x0000006636100000] [id=24344]

[error occurred during error reporting (printing all threads), id 0xc0000005, EXCEPTION_ACCESS_VIOLATION (0xc0000005) at pc=0x00007ff8763be587]

VM state: not at safepoint (not fully initialized)

VM Mutex/Monitor currently owned by a thread:  ([mutex/lock_event])
[0x000001aea98220b0] Heap_lock - owner thread: 0x000001aea9827230

Heap address: 0x0000000703600000, size: 4042 MB, Compressed Oops mode: Zero based, Oop shift amount: 3

CDS archive(s) mapped at: [0x0000000000000000-0x0000000000000000-0x0000000000000000), size 0, SharedBaseAddress: 0x0000000800000000, ArchiveRelocationMode: 1.
Narrow klass base: 0x0000000000000000, Narrow klass shift: 0, Narrow klass range: 0x0

GC Precious Log:
<Empty>

Heap:
 garbage-first heap   total 0K, used 0K [0x0000000703600000, 0x0000000800000000)
  region size 2048K, 0 young (0K), 0 survivors (0K)

[error occurred during error reporting (printing heap information), id 0xc0000005, EXCEPTION_ACCESS_VIOLATION (0xc0000005) at pc=0x00007ff8767a2699]

GC Heap History (0 events):
No events

Dll operation events (1 events):
Event: 0.006 Loaded shared library C:\Users\JENIS\.p2\pool\plugins\org.eclipse.justj.openjdk.hotspot.jre.full.win32.x86_64_17.0.8.v20230801-1951\jre\bin\java.dll

Deoptimization events (0 events):
No events

Classes unloaded (0 events):
No events

Classes redefined (0 events):
No events

Internal exceptions (0 events):
No events

VM Operations (0 events):
No events

Events (0 events):
No events


Dynamic libraries:
0x00007ff6908c0000 - 0x00007ff6908ce000 	C:\Users\JENIS\.p2\pool\plugins\org.eclipse.justj.openjdk.hotspot.jre.full.win32.x86_64_17.0.8.v20230801-1951\jre\bin\javaw.exe
0x00007ff8b8d80000 - 0x00007ff8b8f89000 	C:\Windows\SYSTEM32\ntdll.dll
0x00007ff8b7200000 - 0x00007ff8b72bd000 	C:\Windows\System32\KERNEL32.DLL
0x00007ff8b6640000 - 0x00007ff8b69b4000 	C:\Windows\System32\KERNELBASE.dll
0x00007ff8b62e0000 - 0x00007ff8b63f1000 	C:\Windows\System32\ucrtbase.dll
0x00007ff8b2540000 - 0x00007ff8b2559000 	C:\Users\JENIS\.p2\pool\plugins\org.eclipse.justj.openjdk.hotspot.jre.full.win32.x86_64_17.0.8.v20230801-1951\jre\bin\VCRUNTIME140.dll
0x00007ff8b0a90000 - 0x00007ff8b0aa7000 	C:\Users\JENIS\.p2\pool\plugins\org.eclipse.justj.openjdk.hotspot.jre.full.win32.x86_64_17.0.8.v20230801-1951\jre\bin\jli.dll
0x00007ff8b72c0000 - 0x00007ff8b746c000 	C:\Windows\System32\USER32.dll
0x00007ff8b6b30000 - 0x00007ff8b6b56000 	C:\Windows\System32\win32u.dll
0x00007ff899df0000 - 0x00007ff89a095000 	C:\Windows\WinSxS\amd64_microsoft.windows.common-controls_6595b64144ccf1df_6.0.22000.120_none_9d947278b86cc467\COMCTL32.dll
0x00007ff8b7f90000 - 0x00007ff8b7fb9000 	C:\Windows\System32\GDI32.dll
0x00007ff8b6c80000 - 0x00007ff8b6d23000 	C:\Windows\System32\msvcrt.dll
0x00007ff8b6520000 - 0x00007ff8b6632000 	C:\Windows\System32\gdi32full.dll
0x00007ff8b6480000 - 0x00007ff8b651d000 	C:\Windows\System32\msvcp_win.dll
0x00007ff8b6ea0000 - 0x00007ff8b6ed1000 	C:\Windows\System32\IMM32.DLL
0x00007ff8b2570000 - 0x00007ff8b257c000 	C:\Users\JENIS\.p2\pool\plugins\org.eclipse.justj.openjdk.hotspot.jre.full.win32.x86_64_17.0.8.v20230801-1951\jre\bin\vcruntime140_1.dll
0x00007ff88ca50000 - 0x00007ff88cae1000 	C:\Users\JENIS\.p2\pool\plugins\org.eclipse.justj.openjdk.hotspot.jre.full.win32.x86_64_17.0.8.v20230801-1951\jre\bin\msvcp140.dll
0x00007ff8760d0000 - 0x00007ff876d1c000 	C:\Users\JENIS\.p2\pool\plugins\org.eclipse.justj.openjdk.hotspot.jre.full.win32.x86_64_17.0.8.v20230801-1951\jre\bin\server\jvm.dll
0x00007ff8b7fc0000 - 0x00007ff8b806e000 	C:\Windows\System32\ADVAPI32.dll
0x00007ff8b7550000 - 0x00007ff8b75ee000 	C:\Windows\System32\sechost.dll
0x00007ff8b6ee0000 - 0x00007ff8b7000000 	C:\Windows\System32\RPCRT4.dll
0x00007ff8b4c70000 - 0x00007ff8b4cbd000 	C:\Windows\SYSTEM32\POWRPROF.dll
0x00007ff8a2560000 - 0x00007ff8a2569000 	C:\Windows\SYSTEM32\WSOCK32.dll
0x00007ff8b7000000 - 0x00007ff8b706f000 	C:\Windows\System32\WS2_32.dll
0x00007ff8b03a0000 - 0x00007ff8b03d3000 	C:\Windows\SYSTEM32\WINMM.dll
0x00007ff8aeba0000 - 0x00007ff8aebaa000 	C:\Windows\SYSTEM32\VERSION.dll
0x00007ff8b4d60000 - 0x00007ff8b4d73000 	C:\Windows\SYSTEM32\UMPDC.dll
0x00007ff8b5460000 - 0x00007ff8b5478000 	C:\Windows\SYSTEM32\kernel.appcore.dll
0x00007ff8a2530000 - 0x00007ff8a253a000 	C:\Users\JENIS\.p2\pool\plugins\org.eclipse.justj.openjdk.hotspot.jre.full.win32.x86_64_17.0.8.v20230801-1951\jre\bin\jimage.dll
0x00007ff8b3e30000 - 0x00007ff8b4051000 	C:\Windows\SYSTEM32\DBGHELP.DLL
0x00007ff899a20000 - 0x00007ff899a51000 	C:\Windows\SYSTEM32\dbgcore.DLL
0x00007ff8b6400000 - 0x00007ff8b647f000 	C:\Windows\System32\bcryptPrimitives.dll
0x00007ff8a24b0000 - 0x00007ff8a24d5000 	C:\Users\JENIS\.p2\pool\plugins\org.eclipse.justj.openjdk.hotspot.jre.full.win32.x86_64_17.0.8.v20230801-1951\jre\bin\java.dll

dbghelp: loaded successfully - version: 4.0.5 - missing functions: none
symbol engine: initialized successfully - sym options: 0x614 - pdb path: .;C:\Users\JENIS\.p2\pool\plugins\org.eclipse.justj.openjdk.hotspot.jre.full.win32.x86_64_17.0.8.v20230801-1951\jre\bin;C:\Windows\SYSTEM32;C:\Windows\WinSxS\amd64_microsoft.windows.common-controls_6595b64144ccf1df_6.0.22000.120_none_9d947278b86cc467;C:\Users\JENIS\.p2\pool\plugins\org.eclipse.justj.openjdk.hotspot.jre.full.win32.x86_64_17.0.8.v20230801-1951\jre\bin\server

VM Arguments:
jvm_args: -ea -Dfile.encoding=UTF-8 -XX:+ShowCodeDetailsInExceptionMessages 
java_command: org.testng.remote.RemoteTestNG -serport 50460 -protocol json -d D:\eclipse-workspace\Project_Appium\test-output C:\Users\JENIS\AppData\Local\Temp\testng-eclipse-2022690552\testng-customsuite.xml
java_class_path (initial): C:\Users\JENIS\eclipse\jee-2023-062\eclipse\configuration\org.eclipse.osgi\978\0\.cp\lib\testng-remote.jar;D:\eclipse-workspace\Project_Appium\target\test-classes;D:\eclipse-workspace\Project_Appium\target\classes;C:\Users\JENIS\.m2\repository\io\appium\java-client\8.3.0\java-client-8.3.0.jar;C:\Users\JENIS\.m2\repository\org\seleniumhq\selenium\selenium-api\4.11.0\selenium-api-4.11.0.jar;C:\Users\JENIS\.m2\repository\org\seleniumhq\selenium\selenium-remote-driver\4.11.0\selenium-remote-driver-4.11.0.jar;C:\Users\JENIS\.m2\repository\com\google\auto\service\auto-service-annotations\1.0.1\auto-service-annotations-1.0.1.jar;C:\Users\JENIS\.m2\repository\com\google\guava\guava\31.1-jre\guava-31.1-jre.jar;C:\Users\JENIS\.m2\repository\com\google\guava\failureaccess\1.0.1\failureaccess-1.0.1.jar;C:\Users\JENIS\.m2\repository\com\google\guava\listenablefuture\9999.0-empty-to-avoid-conflict-with-guava\listenablefuture-9999.0-empty-to-avoid-conflict-with-guava.jar;C:\Users\JENIS\.m2\repository\com\google\code\findbugs\jsr305\3.0.2\jsr305-3.0.2.jar;C:\Users\JENIS\.m2\repository\org\checkerframework\checker-qual\3.12.0\checker-qual-3.12.0.jar;C:\Users\JENIS\.m2\repository\com\google\errorprone\error_prone_annotations\2.11.0\error_prone_annotations-2.11.0.jar;C:\Users\JENIS\.m2\repository\com\google\j2objc\j2objc-annotations\1.3\j2objc-annotations-1.3.jar;C:\Users\JENIS\.m2\repository\io\netty\netty-buffer\4.1.92.Final\netty-buffer-4.1.92.Final.jar;C:\Users\JENIS\.m2\repository\io\netty\netty-codec-http\4.1.92.Final\netty-codec-http-4.1.92.Final.jar;C:\Users\JENIS\.m2\repository\io\netty\netty-codec\4.1.92.Final\netty-codec-4.1.92.Final.jar;C:\Users\JENIS\.m2\repository\io\netty\netty-handler\4.1.92.Final\netty-handler-4.1.92.Final.jar;C:\Users\JENIS\.m2\repository\io\netty\netty-common\4.1.92.Final\netty-common-4.1.92.Final.jar;C:\Users\JENIS\.m2\repository\io\netty\netty-transport-classes-epoll\4.1.92.Final\netty-transport-classes-epoll-4.1.92.Fi
Launcher Type: SUN_STANDARD

[Global flags]
     intx CICompilerCount                          = 4                                         {product} {ergonomic}
     uint ConcGCThreads                            = 2                                         {product} {ergonomic}
     uint G1ConcRefinementThreads                  = 8                                         {product} {ergonomic}
   size_t G1HeapRegionSize                         = 2097152                                   {product} {ergonomic}
    uintx GCDrainStackTargetSize                   = 64                                        {product} {ergonomic}
   size_t InitialHeapSize                          = 266338304                                 {product} {ergonomic}
   size_t MarkStackSize                            = 4194304                                   {product} {ergonomic}
   size_t MaxHeapSize                              = 4238344192                                {product} {ergonomic}
   size_t MinHeapDeltaBytes                        = 2097152                                   {product} {ergonomic}
   size_t MinHeapSize                              = 8388608                                   {product} {ergonomic}
    uintx NonNMethodCodeHeapSize                   = 5839372                                {pd product} {ergonomic}
    uintx NonProfiledCodeHeapSize                  = 122909434                              {pd product} {ergonomic}
    uintx ProfiledCodeHeapSize                     = 122909434                              {pd product} {ergonomic}
    uintx ReservedCodeCacheSize                    = 251658240                              {pd product} {ergonomic}
     bool SegmentedCodeCache                       = true                                      {product} {ergonomic}
     bool ShowCodeDetailsInExceptionMessages       = true                                   {manageable} {command line}
   size_t SoftMaxHeapSize                          = 4238344192                             {manageable} {ergonomic}
     bool UseCompressedClassPointers               = true                           {product lp64_product} {ergonomic}
     bool UseCompressedOops                        = true                           {product lp64_product} {ergonomic}
     bool UseG1GC                                  = true                                      {product} {ergonomic}
     bool UseLargePagesIndividualAllocation        = false                                  {pd product} {ergonomic}

Logging:
Log output configuration:
 #0: stdout all=warning uptime,level,tags
 #1: stderr all=off uptime,level,tags

Environment Variables:
JAVA_HOME=C:\Program Files\Java\jdk-17
CLASSPATH=.;
PATH=C:/Users/JENIS/.p2/pool/plugins/org.eclipse.justj.openjdk.hotspot.jre.full.win32.x86_64_17.0.8.v20230801-1951/jre/bin/server;C:/Users/JENIS/.p2/pool/plugins/org.eclipse.justj.openjdk.hotspot.jre.full.win32.x86_64_17.0.8.v20230801-1951/jre/bin;C:\Program Files\Common Files\Oracle\Java\javapath;C:\Windows\system32;C:\Windows;C:\Windows\System32\Wbem;C:\Windows\System32\WindowsPowerShell\v1.0\;C:\Windows\System32\OpenSSH\;C:\Program Files\nodejs\;C:\Users\JENIS\AppData\Local\Android\Sdk\platform-tools;C:\Users\JENIS\AppData\Local\Android\Sdk\tools;C:\Users\JENIS\AppData\Local\Android\Sdk\tools\bin;C:\Program Files\Java\jdk-17\bin;C:\Users\JENIS\AppData\Roaming\npm;C:\Users\JENIS\AppData\Local\Android\Sdk;D:\sahil_learn\Api\apache-maven-3.9.4-bin\apache-maven-3.9.4\bin;C:\Users\JENIS\AppData\Local\Microsoft\WindowsApps;C:\Users\JENIS\AppData\Local\Programs\Microsoft VS Code\bin;C:\Users\JENIS\AppData\Roaming\npm;C:\Program Files\Java\jdk-17\bin;C:\Program Files\Java\jdk-17\bin;;C:\Users\JENIS\OneDrive\Desktop;
USERNAME=JENIS
OS=Windows_NT
PROCESSOR_IDENTIFIER=Intel64 Family 6 Model 140 Stepping 2, GenuineIntel
TMP=C:\Users\JENIS\AppData\Local\Temp
TEMP=C:\Users\JENIS\AppData\Local\Temp



---------------  S Y S T E M  ---------------

OS:
 Windows 11 , 64 bit Build 22000 (10.0.22000.434)
OS uptime: 6 days 6:00 hours

CPU: total 8 (initial active 8) (4 cores per cpu, 2 threads per core) family 6 model 140 stepping 2 microcode 0x22, cx8, cmov, fxsr, ht, mmx, 3dnowpref, sse, sse2, sse3, ssse3, sse4.1, sse4.2, popcnt, lzcnt, tsc, tscinvbit, avx, avx2, aes, erms, clmul, bmi1, bmi2, adx, avx512f, avx512dq, avx512cd, avx512bw, avx512vl, sha, fma, vzeroupper, avx512_vpopcntdq, avx512_vpclmulqdq, avx512_vaes, avx512_vnni, clflush, clflushopt, clwb, avx512_vbmi2, avx512_vbmi
Processor Information for all 8 processors :
  Max Mhz: 3187, Current Mhz: 3187, Mhz Limit: 3187

Memory: 4k page, system-wide physical 16167M (2447M free)
TotalPageFile size 34859M (AvailPageFile size 185M)
current process WorkingSet (physical memory assigned to process): 11M, peak: 11M
current process commit charge ("private bytes"): 60M, peak: 314M

vm_info: OpenJDK 64-Bit Server VM (17.0.8+7) for windows-amd64 JRE (17.0.8+7), built on Jul 18 2023 21:02:32 by "admin" with MS VC++ 16.7 (VS2019)

END.
